This file contains any messages produced by compilers while
running configure, to aid debugging if configure makes a mistake.

It was created by epxcore program configure 1.0, which was
generated by GNU Autoconf 2.69.  Invocation command line was

  $ ./configure 

## --------- ##
## Platform. ##
## --------- ##

hostname = berta-VB
uname -m = x86_64
uname -r = 5.15.0-125-generic
uname -s = Linux
uname -v = #135~20.04.1-Ubuntu SMP Mon Oct 7 13:56:22 UTC 2024

/usr/bin/uname -p = x86_64
/bin/uname -X     = unknown

/bin/arch              = x86_64
/usr/bin/arch -k       = unknown
/usr/convex/getsysinfo = unknown
/usr/bin/hostinfo      = unknown
/bin/machine           = unknown
/usr/bin/oslevel       = unknown
/bin/universe          = unknown

PATH: /home/berta/bin
PATH: /usr/local/sbin
PATH: /usr/local/bin
PATH: /usr/sbin
PATH: /usr/bin
PATH: /sbin
PATH: /bin
PATH: /usr/games
PATH: /usr/local/games
PATH: /snap/bin
PATH: /opt/modelsim/modelsim_dlx_linuxpe
PATH: /home/berta/.local/bin
PATH: /root/.local/bin
PATH: /opt/Xilinx/14.7/ISE_DS/ISE/bin/lin64
PATH: /opt/modelsim/modelsim_dlx/linuxpe


## ----------- ##
## Core tests. ##
## ----------- ##

configure:2304: checking for gcc
configure:2320: found /usr/bin/gcc
configure:2331: result: gcc
configure:2560: checking for C compiler version
configure:2569: gcc --version >&5
gcc (Ubuntu 9.4.0-1ubuntu1~20.04.2) 9.4.0
Copyright (C) 2019 Free Software Foundation, Inc.
This is free software; see the source for copying conditions.  There is NO
warranty; not even for MERCHANTABILITY or FITNESS FOR A PARTICULAR PURPOSE.

configure:2580: $? = 0
configure:2569: gcc -v >&5
Using built-in specs.
COLLECT_GCC=gcc
COLLECT_LTO_WRAPPER=/usr/lib/gcc/x86_64-linux-gnu/9/lto-wrapper
OFFLOAD_TARGET_NAMES=nvptx-none:hsa
OFFLOAD_TARGET_DEFAULT=1
Target: x86_64-linux-gnu
Configured with: ../src/configure -v --with-pkgversion='Ubuntu 9.4.0-1ubuntu1~20.04.2' --with-bugurl=file:///usr/share/doc/gcc-9/README.Bugs --enable-languages=c,ada,c++,go,brig,d,fortran,objc,obj-c++,gm2 --prefix=/usr --with-gcc-major-version-only --program-suffix=-9 --program-prefix=x86_64-linux-gnu- --enable-shared --enable-linker-build-id --libexecdir=/usr/lib --without-included-gettext --enable-threads=posix --libdir=/usr/lib --enable-nls --enable-clocale=gnu --enable-libstdcxx-debug --enable-libstdcxx-time=yes --with-default-libstdcxx-abi=new --enable-gnu-unique-object --disable-vtable-verify --enable-plugin --enable-default-pie --with-system-zlib --with-target-system-zlib=auto --enable-objc-gc=auto --enable-multiarch --disable-werror --with-arch-32=i686 --with-abi=m64 --with-multilib-list=m32,m64,mx32 --enable-multilib --with-tune=generic --enable-offload-targets=nvptx-none=/build/gcc-9-9QDOt0/gcc-9-9.4.0/debian/tmp-nvptx/usr,hsa --without-cuda-driver --enable-checking=release --build=x86_64-linux-gnu --host=x86_64-linux-gnu --target=x86_64-linux-gnu
Thread model: posix
gcc version 9.4.0 (Ubuntu 9.4.0-1ubuntu1~20.04.2) 
configure:2580: $? = 0
configure:2569: gcc -V >&5
gcc: error: unrecognized command line option '-V'
gcc: fatal error: no input files
compilation terminated.
configure:2580: $? = 1
configure:2569: gcc -qversion >&5
gcc: error: unrecognized command line option '-qversion'; did you mean '--version'?
gcc: fatal error: no input files
compilation terminated.
configure:2580: $? = 1
configure:2600: checking whether the C compiler works
configure:2622: gcc    conftest.c  >&5
configure:2626: $? = 0
configure:2674: result: yes
configure:2677: checking for C compiler default output file name
configure:2679: result: a.out
configure:2685: checking for suffix of executables
configure:2692: gcc -o conftest    conftest.c  >&5
configure:2696: $? = 0
configure:2718: result: 
configure:2740: checking whether we are cross compiling
configure:2748: gcc -o conftest    conftest.c  >&5
configure:2752: $? = 0
configure:2759: ./conftest
configure:2763: $? = 0
configure:2751: result: no
configure:2756: checking for suffix of object files
configure:2778: gcc -c   conftest.c >&5
configure:2782: $? = 0
configure:2803: result: o
configure:2807: checking whether we are using the GNU C compiler
configure:2826: gcc -c   conftest.c >&5
configure:2826: $? = 0
configure:2835: result: yes
configure:2844: checking whether gcc accepts -g
configure:2864: gcc -c -g  conftest.c >&5
configure:2864: $? = 0
configure:2905: result: yes
configure:2922: checking for gcc option to accept ISO C89
configure:2985: gcc  -c -g -O2  conftest.c >&5
configure:2985: $? = 0
configure:2998: result: none needed
configure:3023: checking whether gcc understands -c and -o together
configure:3045: gcc -c conftest.c -o conftest2.o
configure:3048: $? = 0
configure:3045: gcc -c conftest.c -o conftest2.o
configure:3048: $? = 0
configure:3060: result: yes
configure:3083: checking how to run the C preprocessor
configure:3114: gcc -E  conftest.c
configure:3114: $? = 0
configure:3128: gcc -E  conftest.c
conftest.c:9:10: fatal error: ac_nonexistent.h: No such file or directory
    9 | #include <ac_nonexistent.h>
      |          ^~~~~~~~~~~~~~~~~~
compilation terminated.
configure:3128: $? = 1
configure: failed program was:
| /* confdefs.h */
| #define PACKAGE_NAME "epxcore program"
| #define PACKAGE_TARNAME "epxcore"
| #define PACKAGE_VERSION "1.0"
| #define PACKAGE_STRING "epxcore program 1.0"
| #define PACKAGE_BUGREPORT "Claudio Bertacchini <c.bertacchini@igeamedical.com>"
| #define PACKAGE_URL ""
| /* end confdefs.h.  */
| #include <ac_nonexistent.h>
configure:3153: result: gcc -E
configure:3173: gcc -E  conftest.c
configure:3173: $? = 0
configure:3187: gcc -E  conftest.c
conftest.c:9:10: fatal error: ac_nonexistent.h: No such file or directory
    9 | #include <ac_nonexistent.h>
      |          ^~~~~~~~~~~~~~~~~~
compilation terminated.
configure:3187: $? = 1
configure: failed program was:
| /* confdefs.h */
| #define PACKAGE_NAME "epxcore program"
| #define PACKAGE_TARNAME "epxcore"
| #define PACKAGE_VERSION "1.0"
| #define PACKAGE_STRING "epxcore program 1.0"
| #define PACKAGE_BUGREPORT "Claudio Bertacchini <c.bertacchini@igeamedical.com>"
| #define PACKAGE_URL ""
| /* end confdefs.h.  */
| #include <ac_nonexistent.h>
configure:3216: checking for grep that handles long lines and -e
configure:3274: result: /usr/bin/grep
configure:3279: checking for egrep
configure:3341: result: /usr/bin/grep -E
configure:3346: checking for ANSI C header files
configure:3366: gcc -c -g -O2  conftest.c >&5
configure:3366: $? = 0
configure:3439: gcc -o conftest -g -O2   conftest.c  >&5
configure:3439: $? = 0
configure:3439: ./conftest
configure:3439: $? = 0
configure:3450: result: yes
configure:3463: checking for sys/types.h
configure:3463: gcc -c -g -O2  conftest.c >&5
configure:3463: $? = 0
configure:3463: result: yes
configure:3463: checking for sys/stat.h
configure:3463: gcc -c -g -O2  conftest.c >&5
configure:3463: $? = 0
configure:3463: result: yes
configure:3463: checking for stdlib.h
configure:3463: gcc -c -g -O2  conftest.c >&5
configure:3463: $? = 0
configure:3463: result: yes
configure:3463: checking for string.h
configure:3463: gcc -c -g -O2  conftest.c >&5
configure:3463: $? = 0
configure:3463: result: yes
configure:3463: checking for memory.h
configure:3463: gcc -c -g -O2  conftest.c >&5
configure:3463: $? = 0
configure:3463: result: yes
configure:3463: checking for strings.h
configure:3463: gcc -c -g -O2  conftest.c >&5
configure:3463: $? = 0
configure:3463: result: yes
configure:3463: checking for inttypes.h
configure:3463: gcc -c -g -O2  conftest.c >&5
configure:3463: $? = 0
configure:3463: result: yes
configure:3463: checking for stdint.h
configure:3463: gcc -c -g -O2  conftest.c >&5
configure:3463: $? = 0
configure:3463: result: yes
configure:3463: checking for unistd.h
configure:3463: gcc -c -g -O2  conftest.c >&5
configure:3463: $? = 0
configure:3463: result: yes
configure:3475: checking stdio.h usability
configure:3475: gcc -c -g -O2  conftest.c >&5
configure:3475: $? = 0
configure:3475: result: yes
configure:3475: checking stdio.h presence
configure:3475: gcc -E  conftest.c
configure:3475: $? = 0
configure:3475: result: yes
configure:3475: checking for stdio.h
configure:3475: result: yes
configure:3511: checking build system type
configure:3525: result: x86_64-pc-linux-gnu
configure:3545: checking host system type
configure:3558: result: x86_64-pc-linux-gnu
configure:3599: checking how to print strings
configure:3626: result: printf
configure:3647: checking for a sed that does not truncate output
configure:3711: result: /usr/bin/sed
configure:3729: checking for fgrep
configure:3791: result: /usr/bin/grep -F
configure:3826: checking for ld used by gcc
configure:3893: result: /usr/bin/ld
configure:3900: checking if the linker (/usr/bin/ld) is GNU ld
configure:3915: result: yes
configure:3927: checking for BSD- or MS-compatible name lister (nm)
configure:3981: result: /usr/bin/nm -B
configure:4111: checking the name lister (/usr/bin/nm -B) interface
configure:4118: gcc -c -g -O2  conftest.c >&5
configure:4121: /usr/bin/nm -B "conftest.o"
configure:4124: output
0000000000000000 B some_variable
configure:4125: result: BSD nm
configure:4128: checking whether ln -s works
configure:4132: result: yes
configure:4140: checking the maximum length of command line arguments
configure:4271: result: 1572864
configure:4319: checking how to convert x86_64-pc-linux-gnu file names to x86_64-pc-linux-gnu format
configure:4359: result: func_convert_file_noop
configure:4366: checking how to convert x86_64-pc-linux-gnu file names to toolchain format
configure:4386: result: func_convert_file_noop
configure:4393: checking for /usr/bin/ld option to reload object files
configure:4400: result: -r
configure:4474: checking for objdump
configure:4490: found /usr/bin/objdump
configure:4501: result: objdump
configure:4533: checking how to recognize dependent libraries
configure:4733: result: pass_all
configure:4818: checking for dlltool
configure:4848: result: no
configure:4878: checking how to associate runtime and link libraries
configure:4905: result: printf %s\n
configure:4965: checking for ar
configure:4981: found /usr/bin/ar
configure:4992: result: ar
configure:5029: checking for archiver @FILE support
configure:5046: gcc -c -g -O2  conftest.c >&5
configure:5046: $? = 0
configure:5049: ar cr libconftest.a @conftest.lst >&5
configure:5052: $? = 0
configure:5057: ar cr libconftest.a @conftest.lst >&5
ar: conftest.o: No such file or directory
configure:5060: $? = 1
configure:5059: result: @
configure:5117: checking for strip
configure:5133: found /usr/bin/strip
configure:5144: result: strip
configure:5216: checking for ranlib
configure:5232: found /usr/bin/ranlib
configure:5243: result: ranlib
configure:5320: checking for gawk
configure:5336: found /usr/bin/gawk
configure:5347: result: gawk
configure:5387: checking command to parse /usr/bin/nm -B output from gcc object
configure:5540: gcc -c -g -O2  conftest.c >&5
configure:5543: $? = 0
configure:5547: /usr/bin/nm -B conftest.o | sed -n -e 's/^.*[	 ]\([ABCDGIRSTW][ABCDGIRSTW]*\)[	 ][	 ]*\([_A-Za-z][_A-Za-z0-9]*\)$/\1 \2 \2/p' | sed '/ __gnu_lto/d' > conftest.nm
configure:5613: gcc -o conftest -g -O2   conftest.c conftstm.o >&5
configure:5616: $? = 0
configure:5654: result: ok
configure:5701: checking for sysroot
configure:5731: result: no
configure:5738: checking for a working dd
configure:5776: result: /usr/bin/dd
configure:5780: checking how to truncate binary pipes
configure:5795: result: /usr/bin/dd bs=4096 count=1
configure:5931: gcc -c -g -O2  conftest.c >&5
configure:5934: $? = 0
configure:6124: checking for mt
configure:6140: found /usr/bin/mt
configure:6151: result: mt
configure:6174: checking if mt is a manifest tool
configure:6180: mt '-?'
configure:6188: result: no
configure:6862: checking for dlfcn.h
configure:6862: gcc -c -g -O2  conftest.c >&5
configure:6862: $? = 0
configure:6862: result: yes
configure:7118: checking for objdir
configure:7133: result: .libs
configure:7397: checking if gcc supports -fno-rtti -fno-exceptions
configure:7415: gcc -c -g -O2  -fno-rtti -fno-exceptions conftest.c >&5
cc1: warning: command line option '-fno-rtti' is valid for C++/D/ObjC++ but not for C
configure:7419: $? = 0
configure:7432: result: no
configure:7796: checking for gcc option to produce PIC
configure:7803: result: -fPIC -DPIC
configure:7811: checking if gcc PIC flag -fPIC -DPIC works
configure:7829: gcc -c -g -O2  -fPIC -DPIC -DPIC conftest.c >&5
configure:7833: $? = 0
configure:7846: result: yes
configure:7875: checking if gcc static flag -static works
configure:7903: result: yes
configure:7918: checking if gcc supports -c -o file.o
configure:7939: gcc -c -g -O2  -o out/conftest2.o conftest.c >&5
configure:7943: $? = 0
configure:7965: result: yes
configure:7973: checking if gcc supports -c -o file.o
configure:8020: result: yes
configure:8053: checking whether the gcc linker (/usr/bin/ld -m elf_x86_64) supports shared libraries
configure:9316: result: yes
configure:9353: checking whether -lc should be explicitly linked in
configure:9361: gcc -c -g -O2  conftest.c >&5
configure:9364: $? = 0
configure:9379: gcc -shared  -fPIC -DPIC conftest.o  -v -Wl,-soname -Wl,conftest -o conftest 2\>\&1 \| /usr/bin/grep  -lc  \>/dev/null 2\>\&1
configure:9382: $? = 0
configure:9396: result: no
configure:9556: checking dynamic linker characteristics
configure:10137: gcc -o conftest -g -O2   -Wl,-rpath -Wl,/foo conftest.c  >&5
configure:10137: $? = 0
configure:10386: result: GNU/Linux ld.so
configure:10508: checking how to hardcode library paths into programs
configure:10533: result: immediate
configure:11081: checking whether stripping libraries is possible
configure:11086: result: yes
configure:11121: checking if libtool supports shared libraries
configure:11123: result: yes
configure:11126: checking whether to build shared libraries
configure:11151: result: yes
configure:11154: checking whether to build static libraries
configure:11158: result: yes
configure:7987: checking for a BSD-compatible install
configure:8055: result: /usr/bin/install -c
configure:8066: checking whether build environment is sane
configure:8121: result: yes
configure:8267: checking for a thread-safe mkdir -p
configure:8306: result: /usr/bin/mkdir -p
configure:8309: checking whether make sets $(MAKE)
configure:8331: result: yes
configure:8353: checking whether make supports the include directive
configure:8368: make -f confmf.GNU && cat confinc.out
this is the am__doit target
configure:8371: $? = 0
configure:8390: result: yes (GNU style)
configure:8423: checking whether make supports nested variables
configure:8440: result: yes
configure:8525: checking dependency style of gcc
configure:8636: result: gcc3
configure:8742: checking for gcc
configure:8769: result: gcc
configure:8998: checking for C compiler version
configure:9007: gcc --version >&5
gcc (Ubuntu 9.4.0-1ubuntu1~20.04.2) 9.4.0
Copyright (C) 2019 Free Software Foundation, Inc.
This is free software; see the source for copying conditions.  There is NO
warranty; not even for MERCHANTABILITY or FITNESS FOR A PARTICULAR PURPOSE.

configure:9018: $? = 0
configure:9007: gcc -v >&5
Using built-in specs.
COLLECT_GCC=gcc
COLLECT_LTO_WRAPPER=/usr/lib/gcc/x86_64-linux-gnu/9/lto-wrapper
OFFLOAD_TARGET_NAMES=nvptx-none:hsa
OFFLOAD_TARGET_DEFAULT=1
Target: x86_64-linux-gnu
Configured with: ../src/configure -v --with-pkgversion='Ubuntu 9.4.0-1ubuntu1~20.04.2' --with-bugurl=file:///usr/share/doc/gcc-9/README.Bugs --enable-languages=c,ada,c++,go,brig,d,fortran,objc,obj-c++,gm2 --prefix=/usr --with-gcc-major-version-only --program-suffix=-9 --program-prefix=x86_64-linux-gnu- --enable-shared --enable-linker-build-id --libexecdir=/usr/lib --without-included-gettext --enable-threads=posix --libdir=/usr/lib --enable-nls --enable-clocale=gnu --enable-libstdcxx-debug --enable-libstdcxx-time=yes --with-default-libstdcxx-abi=new --enable-gnu-unique-object --disable-vtable-verify --enable-plugin --enable-default-pie --with-system-zlib --with-target-system-zlib=auto --enable-objc-gc=auto --enable-multiarch --disable-werror --with-arch-32=i686 --with-abi=m64 --with-multilib-list=m32,m64,mx32 --enable-multilib --with-tune=generic --enable-offload-targets=nvptx-none=/build/gcc-9-9QDOt0/gcc-9-9.4.0/debian/tmp-nvptx/usr,hsa --without-cuda-driver --enable-checking=release --build=x86_64-linux-gnu --host=x86_64-linux-gnu --target=x86_64-linux-gnu
Thread model: posix
gcc version 9.4.0 (Ubuntu 9.4.0-1ubuntu1~20.04.2) 
configure:9018: $? = 0
configure:9007: gcc -V >&5
gcc: error: unrecognized command line option '-V'
gcc: fatal error: no input files
compilation terminated.
configure:9018: $? = 1
configure:9007: gcc -qversion >&5
gcc: error: unrecognized command line option '-qversion'; did you mean '--version'?
gcc: fatal error: no input files
compilation terminated.
configure:9018: $? = 1
configure:9022: checking whether we are using the GNU C compiler
configure:9050: result: yes
configure:9059: checking whether gcc accepts -g
configure:9120: result: yes
configure:9137: checking for gcc option to accept ISO C89
configure:9213: result: none needed
configure:9238: checking whether gcc understands -c and -o together
configure:9275: result: yes
configure:9433: checking that generated files are newer than configure
configure:9439: result: done
configure:9462: creating ./config.status

## ---------------------- ##
## Running config.status. ##
## ---------------------- ##

This file was extended by epxcore program config.status 1.0, which was
generated by GNU Autoconf 2.69.  Invocation command line was

  CONFIG_FILES    = 
  CONFIG_HEADERS  = 
  CONFIG_LINKS    = 
  CONFIG_COMMANDS = 
  $ ./config.status 

on berta-VB

config.status:1005: creating Makefile
config.status:1005: creating doc/Makefile
config.status:1005: creating src/Makefile
config.status:1177: executing libtool commands
config.status:1177: executing depfiles commands
config.status:1796: cd src       && sed -e '/# am--include-marker/d' Makefile         | make -f - am--depfiles
make: Nothing to be done for 'am--depfiles'.
config.status:1801: $? = 0

## ---------------- ##
## Cache variables. ##
## ---------------- ##

ac_cv_build=x86_64-pc-linux-gnu
ac_cv_c_compiler_gnu=yes
ac_cv_env_CC_set=
ac_cv_env_CC_value=
ac_cv_env_CFLAGS_set=
ac_cv_env_CFLAGS_value=
ac_cv_env_CPPFLAGS_set=
ac_cv_env_CPPFLAGS_value=
ac_cv_env_CPP_set=
ac_cv_env_CPP_value=
ac_cv_env_LDFLAGS_set=
ac_cv_env_LDFLAGS_value=
ac_cv_env_LIBS_set=
ac_cv_env_LIBS_value=
ac_cv_env_LT_SYS_LIBRARY_PATH_set=
ac_cv_env_LT_SYS_LIBRARY_PATH_value=
ac_cv_env_build_alias_set=
ac_cv_env_build_alias_value=
ac_cv_env_host_alias_set=
ac_cv_env_host_alias_value=
ac_cv_env_target_alias_set=
ac_cv_env_target_alias_value=
ac_cv_header_dlfcn_h=yes
ac_cv_header_inttypes_h=yes
ac_cv_header_memory_h=yes
ac_cv_header_stdc=yes
ac_cv_header_stdint_h=yes
ac_cv_header_stdio_h=yes
ac_cv_header_stdlib_h=yes
ac_cv_header_string_h=yes
ac_cv_header_strings_h=yes
ac_cv_header_sys_stat_h=yes
ac_cv_header_sys_types_h=yes
ac_cv_header_unistd_h=yes
ac_cv_host=x86_64-pc-linux-gnu
ac_cv_objext=o
ac_cv_path_EGREP='/usr/bin/grep -E'
ac_cv_path_FGREP='/usr/bin/grep -F'
ac_cv_path_GREP=/usr/bin/grep
ac_cv_path_SED=/usr/bin/sed
ac_cv_path_install='/usr/bin/install -c'
ac_cv_path_lt_DD=/usr/bin/dd
ac_cv_path_mkdir=/usr/bin/mkdir
ac_cv_prog_AWK=gawk
ac_cv_prog_CPP='gcc -E'
ac_cv_prog_ac_ct_AR=ar
ac_cv_prog_ac_ct_CC=gcc
ac_cv_prog_ac_ct_MANIFEST_TOOL=mt
ac_cv_prog_ac_ct_OBJDUMP=objdump
ac_cv_prog_ac_ct_RANLIB=ranlib
ac_cv_prog_ac_ct_STRIP=strip
ac_cv_prog_cc_c89=
ac_cv_prog_cc_g=yes
ac_cv_prog_make_make_set=yes
am_cv_CC_dependencies_compiler_type=gcc3
am_cv_make_support_nested_variables=yes
am_cv_prog_cc_c_o=yes
lt_cv_ar_at_file=@
lt_cv_archive_cmds_need_lc=no
lt_cv_deplibs_check_method=pass_all
lt_cv_file_magic_cmd='$MAGIC_CMD'
lt_cv_file_magic_test_file=
lt_cv_ld_reload_flag=-r
lt_cv_nm_interface='BSD nm'
lt_cv_objdir=.libs
lt_cv_path_LD=/usr/bin/ld
lt_cv_path_NM='/usr/bin/nm -B'
lt_cv_path_mainfest_tool=no
lt_cv_prog_compiler_c_o=yes
lt_cv_prog_compiler_pic='-fPIC -DPIC'
lt_cv_prog_compiler_pic_works=yes
lt_cv_prog_compiler_rtti_exceptions=no
lt_cv_prog_compiler_static_works=yes
lt_cv_prog_gnu_ld=yes
lt_cv_sharedlib_from_linklib_cmd='printf %s\n'
lt_cv_shlibpath_overrides_runpath=yes
lt_cv_sys_global_symbol_pipe='sed -n -e '\''s/^.*[	 ]\([ABCDGIRSTW][ABCDGIRSTW]*\)[	 ][	 ]*\([_A-Za-z][_A-Za-z0-9]*\)$/\1 \2 \2/p'\'' | sed '\''/ __gnu_lto/d'\'''
lt_cv_sys_global_symbol_to_c_name_address='sed -n -e '\''s/^: \(.*\) .*$/  {"\1", (void *) 0},/p'\'' -e '\''s/^[ABCDGIRSTW][ABCDGIRSTW]* .* \(.*\)$/  {"\1", (void *) \&\1},/p'\'''
lt_cv_sys_global_symbol_to_c_name_address_lib_prefix='sed -n -e '\''s/^: \(.*\) .*$/  {"\1", (void *) 0},/p'\'' -e '\''s/^[ABCDGIRSTW][ABCDGIRSTW]* .* \(lib.*\)$/  {"\1", (void *) \&\1},/p'\'' -e '\''s/^[ABCDGIRSTW][ABCDGIRSTW]* .* \(.*\)$/  {"lib\1", (void *) \&\1},/p'\'''
lt_cv_sys_global_symbol_to_cdecl='sed -n -e '\''s/^T .* \(.*\)$/extern int \1();/p'\'' -e '\''s/^[ABCDGIRSTW][ABCDGIRSTW]* .* \(.*\)$/extern char \1;/p'\'''
lt_cv_sys_global_symbol_to_import=
lt_cv_sys_max_cmd_len=1572864
lt_cv_to_host_file_cmd=func_convert_file_noop
lt_cv_to_tool_file_cmd=func_convert_file_noop
lt_cv_truncate_bin='/usr/bin/dd bs=4096 count=1'

## ----------------- ##
## Output variables. ##
## ----------------- ##

ACLOCAL='${SHELL} /home/berta/work/eclipse-workspace/epxcore/missing aclocal-1.16'
AMDEPBACKSLASH='\'
AMDEP_FALSE='#'
AMDEP_TRUE=''
AMTAR='$${TAR-tar}'
AM_BACKSLASH='\'
AM_DEFAULT_V='$(AM_DEFAULT_VERBOSITY)'
AM_DEFAULT_VERBOSITY='1'
AM_V='$(V)'
AR='ar'
AUTOCONF='${SHELL} /home/berta/work/eclipse-workspace/epxcore/missing autoconf'
AUTOHEADER='${SHELL} /home/berta/work/eclipse-workspace/epxcore/missing autoheader'
AUTOMAKE='${SHELL} /home/berta/work/eclipse-workspace/epxcore/missing automake-1.16'
AWK='gawk'
CC='gcc'
CCDEPMODE='depmode=gcc3'
CFLAGS='-g -O2'
CPP='gcc -E'
CPPFLAGS=''
CYGPATH_W='echo'
DEFS='-DPACKAGE_NAME=\"epxcore\ program\" -DPACKAGE_TARNAME=\"epxcore\" -DPACKAGE_VERSION=\"1.0\" -DPACKAGE_STRING=\"epxcore\ program\ 1.0\" -DPACKAGE_BUGREPORT=\"Claudio\ Bertacchini\ \<c.bertacchini@igeamedical.com\>\" -DPACKAGE_URL=\"\" -DSTDC_HEADERS=1 -DHAVE_SYS_TYPES_H=1 -DHAVE_SYS_STAT_H=1 -DHAVE_STDLIB_H=1 -DHAVE_STRING_H=1 -DHAVE_MEMORY_H=1 -DHAVE_STRINGS_H=1 -DHAVE_INTTYPES_H=1 -DHAVE_STDINT_H=1 -DHAVE_UNISTD_H=1 -DHAVE_DLFCN_H=1 -DLT_OBJDIR=\".libs/\" -DPACKAGE=\"epxcore\" -DVERSION=\"1.0\"'
DEPDIR='.deps'
DLLTOOL='false'
DSYMUTIL=''
DUMPBIN=''
ECHO_C=''
ECHO_N='-n'
ECHO_T=''
EGREP='/usr/bin/grep -E'
EXEEXT=''
FGREP='/usr/bin/grep -F'
GREP='/usr/bin/grep'
INSTALL_DATA='${INSTALL} -m 644'
INSTALL_PROGRAM='${INSTALL}'
INSTALL_SCRIPT='${INSTALL}'
INSTALL_STRIP_PROGRAM='$(install_sh) -c -s'
LD='/usr/bin/ld -m elf_x86_64'
LDFLAGS=''
LIBOBJS=''
LIBS=''
LIBTOOL='$(SHELL) $(top_builddir)/libtool'
LIPO=''
LN_S='ln -s'
LTLIBOBJS=''
LT_SYS_LIBRARY_PATH=''
MAKEINFO='${SHELL} /home/berta/work/eclipse-workspace/epxcore/missing makeinfo'
MANIFEST_TOOL=':'
MKDIR_P='/usr/bin/mkdir -p'
NM='/usr/bin/nm -B'
NMEDIT=''
OBJDUMP='objdump'
OBJEXT='o'
OTOOL64=''
OTOOL=''
PACKAGE='epxcore'
PACKAGE_BUGREPORT='Claudio Bertacchini <c.bertacchini@igeamedical.com>'
PACKAGE_NAME='epxcore program'
PACKAGE_STRING='epxcore program 1.0'
PACKAGE_TARNAME='epxcore'
PACKAGE_URL=''
PACKAGE_VERSION='1.0'
PATH_SEPARATOR=':'
RANLIB='ranlib'
SED='/usr/bin/sed'
SET_MAKE=''
SHELL='/bin/sh'
STRIP='strip'
VERSION='1.0'
ac_ct_AR='ar'
ac_ct_CC='gcc'
ac_ct_DUMPBIN=''
am__EXEEXT_FALSE=''
am__EXEEXT_TRUE='#'
am__fastdepCC_FALSE='#'
am__fastdepCC_TRUE=''
am__include='include'
am__isrc=''
am__leading_dot='.'
am__nodep='_no'
am__quote=''
am__tar='$${TAR-tar} chof - "$$tardir"'
am__untar='$${TAR-tar} xf -'
bindir='${exec_prefix}/bin'
build='x86_64-pc-linux-gnu'
build_alias=''
build_cpu='x86_64'
build_os='linux-gnu'
build_vendor='pc'
datadir='${datarootdir}'
datarootdir='${prefix}/share'
docdir='${datarootdir}/doc/${PACKAGE_TARNAME}'
dvidir='${docdir}'
exec_prefix='${prefix}'
host='x86_64-pc-linux-gnu'
host_alias=''
host_cpu='x86_64'
host_os='linux-gnu'
host_vendor='pc'
htmldir='${docdir}'
includedir='${prefix}/include'
infodir='${datarootdir}/info'
install_sh='${SHELL} /home/berta/work/eclipse-workspace/epxcore/install-sh'
libdir='${exec_prefix}/lib'
libexecdir='${exec_prefix}/libexec'
localedir='${datarootdir}/locale'
localstatedir='${prefix}/var'
mandir='${datarootdir}/man'
mkdir_p='$(MKDIR_P)'
oldincludedir='/usr/include'
pdfdir='${docdir}'
prefix='/usr/local'
program_transform_name='s,x,x,'
psdir='${docdir}'
runstatedir='${localstatedir}/run'
sbindir='${exec_prefix}/sbin'
sharedstatedir='${prefix}/com'
sysconfdir='${prefix}/etc'
target_alias=''

## ----------- ##
## confdefs.h. ##
## ----------- ##

/* confdefs.h */
#define PACKAGE_NAME "epxcore program"
#define PACKAGE_TARNAME "epxcore"
#define PACKAGE_VERSION "1.0"
#define PACKAGE_STRING "epxcore program 1.0"
#define PACKAGE_BUGREPORT "Claudio Bertacchini <c.bertacchini@igeamedical.com>"
#define PACKAGE_URL ""
#define STDC_HEADERS 1
#define HAVE_SYS_TYPES_H 1
#define HAVE_SYS_STAT_H 1
#define HAVE_STDLIB_H 1
#define HAVE_STRING_H 1
#define HAVE_MEMORY_H 1
#define HAVE_STRINGS_H 1
#define HAVE_INTTYPES_H 1
#define HAVE_STDINT_H 1
#define HAVE_UNISTD_H 1
#define HAVE_DLFCN_H 1
#define LT_OBJDIR ".libs/"
#define PACKAGE "epxcore"
#define VERSION "1.0"

configure: exit 0
