Copyright 1986-2022 Xilinx, Inc. All Rights Reserved. Copyright 2022-2023 Advanced Micro Devices, Inc. All Rights Reserved.
---------------------------------------------------------------------------------------------------------------------------------------------
| Tool Version : Vivado v.2023.2 (lin64) Build 4029153 Fri Oct 13 20:13:54 MDT 2023
| Date         : Tue Jul 16 12:40:12 2024
| Host         : 55af09ee5a4b running 64-bit Ubuntu 22.04.4 LTS
| Command      : report_control_sets -verbose -file mz7020_som_base_wrapper_control_sets_placed.rpt
| Design       : mz7020_som_base_wrapper
| Device       : xc7z020
---------------------------------------------------------------------------------------------------------------------------------------------

Control Set Information

Table of Contents
-----------------
1. Summary
2. Histogram
3. Flip-Flop Distribution
4. Detailed Control Set Information

1. Summary
----------

+----------------------------------------------------------+-------+
|                          Status                          | Count |
+----------------------------------------------------------+-------+
| Total control sets                                       |    35 |
|    Minimum number of control sets                        |    35 |
|    Addition due to synthesis replication                 |     0 |
|    Addition due to physical synthesis replication        |     0 |
| Unused register locations in slices containing registers |    85 |
+----------------------------------------------------------+-------+
* Control sets can be merged at opt_design using control_set_merge or merge_equivalent_drivers
** Run report_qor_suggestions for automated merging and remapping suggestions


2. Histogram
------------

+--------------------+-------+
|       Fanout       | Count |
+--------------------+-------+
| Total control sets |    35 |
| >= 0 to < 4        |     2 |
| >= 4 to < 6        |     8 |
| >= 6 to < 8        |     1 |
| >= 8 to < 10       |     2 |
| >= 10 to < 12      |     1 |
| >= 12 to < 14      |     7 |
| >= 14 to < 16      |     2 |
| >= 16              |    12 |
+--------------------+-------+
* Control sets can be remapped at either synth_design or opt_design


3. Flip-Flop Distribution
-------------------------

+--------------+-----------------------+------------------------+-----------------+--------------+
| Clock Enable | Synchronous Set/Reset | Asynchronous Set/Reset | Total Registers | Total Slices |
+--------------+-----------------------+------------------------+-----------------+--------------+
| No           | No                    | No                     |             119 |           37 |
| No           | No                    | Yes                    |               0 |            0 |
| No           | Yes                   | No                     |              51 |           19 |
| Yes          | No                    | No                     |             341 |           81 |
| Yes          | No                    | Yes                    |               0 |            0 |
| Yes          | Yes                   | No                     |              60 |           20 |
+--------------+-----------------------+------------------------+-----------------+--------------+


4. Detailed Control Set Information
-----------------------------------

+--------------------------------------------+---------------------------------------------------------------------------------------------------------------------------------------------------------------------+------------------------------------------------------------------------------------------------------------------------------------------------------------+------------------+----------------+--------------+
|                Clock Signal                |                                                                            Enable Signal                                                                            |                                                                      Set/Reset Signal                                                                      | Slice Load Count | Bel Load Count | Bels / Slice |
+--------------------------------------------+---------------------------------------------------------------------------------------------------------------------------------------------------------------------+------------------------------------------------------------------------------------------------------------------------------------------------------------+------------------+----------------+--------------+
|  mz7020_som_base_i/clk_wiz_0/inst/clk_out1 | mz7020_som_base_i/ps7_axi_periph/s00_couplers/auto_pc/inst/gen_axilite.gen_b2s_conv.axilite_b2s/WR.aw_channel_0/aw_cmd_fsm_0/FSM_sequential_state_reg[0]_1          | mz7020_som_base_i/ps7_axi_periph/s00_couplers/auto_pc/inst/gen_axilite.gen_b2s_conv.axilite_b2s/WR.aw_channel_0/aw_cmd_fsm_0/FSM_sequential_state_reg[0]_0 |                1 |              1 |         1.00 |
|  mz7020_som_base_i/clk_wiz_0/inst/clk_out1 | mz7020_som_base_i/ps7_axi_periph/s00_couplers/auto_pc/inst/gen_axilite.gen_b2s_conv.axilite_b2s/WR.b_channel_0/bid_fifo_0/sel                                       |                                                                                                                                                            |                1 |              2 |         2.00 |
|  mz7020_som_base_i/clk_wiz_0/inst/clk_out1 |                                                                                                                                                                     | mz7020_som_base_i/ps7_axi_periph/s00_couplers/auto_pc/inst/gen_axilite.gen_b2s_conv.axilite_b2s/SI_REG/aw.aw_pipe/aresetn_d_reg[0]_0                       |                3 |              4 |         1.33 |
|  mz7020_som_base_i/clk_wiz_0/inst/clk_out1 |                                                                                                                                                                     | mz7020_som_base_i/axi_intc_0/U0/AXI_LITE_IPIF_I/I_SLAVE_ATTACHMENT/clear                                                                                   |                1 |              4 |         4.00 |
|  mz7020_som_base_i/clk_wiz_0/inst/clk_out1 |                                                                                                                                                                     | mz7020_som_base_i/ps7_axi_periph/s00_couplers/auto_pc/inst/gen_axilite.gen_b2s_conv.axilite_b2s/SI_REG/ar.ar_pipe/aresetn_d_reg[1]_inv_0                   |                2 |              4 |         2.00 |
|  mz7020_som_base_i/clk_wiz_0/inst/clk_out1 |                                                                                                                                                                     | mz7020_som_base_i/proc_sys_reset_100MHz/U0/EXT_LPF/lpf_int                                                                                                 |                1 |              4 |         4.00 |
|  mz7020_som_base_i/clk_wiz_0/inst/clk_out1 | mz7020_som_base_i/ps7_axi_periph/s00_couplers/auto_pc/inst/gen_axilite.gen_b2s_conv.axilite_b2s/RD.ar_channel_0/ar_cmd_fsm_0/m_axi_arready_2                        | mz7020_som_base_i/ps7_axi_periph/s00_couplers/auto_pc/inst/gen_axilite.gen_b2s_conv.axilite_b2s/RD.ar_channel_0/ar_cmd_fsm_0/FSM_sequential_state_reg[1]_0 |                2 |              4 |         2.00 |
|  mz7020_som_base_i/clk_wiz_0/inst/clk_out1 | mz7020_som_base_i/axi_intc_0/U0/AXI_LITE_IPIF_I/I_SLAVE_ATTACHMENT/s_axi_rresp_i                                                                                    | mz7020_som_base_i/axi_intc_0/U0/AXI_LITE_IPIF_I/I_SLAVE_ATTACHMENT/rst                                                                                     |                2 |              4 |         2.00 |
|  mz7020_som_base_i/clk_wiz_0/inst/clk_out1 | mz7020_som_base_i/ps7_axi_periph/s00_couplers/auto_pc/inst/gen_axilite.gen_b2s_conv.axilite_b2s/RD.r_channel_0/rd_data_fifo_0/cnt_read[4]_i_1__0_n_0                | mz7020_som_base_i/ps7_axi_periph/s00_couplers/auto_pc/inst/gen_axilite.gen_b2s_conv.axilite_b2s/areset_d1                                                  |                2 |              5 |         2.50 |
|  mz7020_som_base_i/clk_wiz_0/inst/clk_out1 | mz7020_som_base_i/ps7_axi_periph/s00_couplers/auto_pc/inst/gen_axilite.gen_b2s_conv.axilite_b2s/RD.r_channel_0/transaction_fifo_0/cnt_read[4]_i_1_n_0               | mz7020_som_base_i/ps7_axi_periph/s00_couplers/auto_pc/inst/gen_axilite.gen_b2s_conv.axilite_b2s/areset_d1                                                  |                2 |              5 |         2.50 |
|  mz7020_som_base_i/clk_wiz_0/inst/clk_out1 | mz7020_som_base_i/proc_sys_reset_100MHz/U0/SEQ/seq_cnt_en                                                                                                           | mz7020_som_base_i/proc_sys_reset_100MHz/U0/SEQ/SEQ_COUNTER/clear                                                                                           |                1 |              6 |         6.00 |
|  mz7020_som_base_i/clk_wiz_0/inst/clk_out1 | mz7020_som_base_i/ps7_axi_periph/s00_couplers/auto_pc/inst/gen_axilite.gen_b2s_conv.axilite_b2s/WR.b_channel_0/mhandshake_r                                         | mz7020_som_base_i/ps7_axi_periph/s00_couplers/auto_pc/inst/gen_axilite.gen_b2s_conv.axilite_b2s/WR.b_channel_0/bid_fifo_0/SR[0]                            |                2 |              8 |         4.00 |
|  mz7020_som_base_i/clk_wiz_0/inst/clk_out1 | mz7020_som_base_i/axi_intc_0/U0/AXI_LITE_IPIF_I/I_SLAVE_ATTACHMENT/bus2ip_addr_i[8]_i_1_n_0                                                                         | mz7020_som_base_i/axi_intc_0/U0/AXI_LITE_IPIF_I/I_SLAVE_ATTACHMENT/rst                                                                                     |                2 |              8 |         4.00 |
|  mz7020_som_base_i/clk_wiz_0/inst/clk_out1 |                                                                                                                                                                     | mz7020_som_base_i/ps7_axi_periph/s00_couplers/auto_pc/inst/gen_axilite.gen_b2s_conv.axilite_b2s/areset_d1                                                  |                4 |             10 |         2.50 |
|  mz7020_som_base_i/clk_wiz_0/inst/clk_out1 | mz7020_som_base_i/ps7_axi_periph/s00_couplers/auto_pc/inst/gen_axilite.gen_b2s_conv.axilite_b2s/RD.ar_channel_0/ar_cmd_fsm_0/E[0]                                   |                                                                                                                                                            |                6 |             12 |         2.00 |
|  mz7020_som_base_i/clk_wiz_0/inst/clk_out1 | mz7020_som_base_i/ps7_axi_periph/s00_couplers/auto_pc/inst/gen_axilite.gen_b2s_conv.axilite_b2s/RD.ar_channel_0/ar_cmd_fsm_0/sel_first_reg[0]                       |                                                                                                                                                            |                3 |             12 |         4.00 |
|  mz7020_som_base_i/clk_wiz_0/inst/clk_out1 | mz7020_som_base_i/ps7_axi_periph/s00_couplers/auto_pc/inst/gen_axilite.gen_b2s_conv.axilite_b2s/WR.aw_channel_0/aw_cmd_fsm_0/m_valid_i_reg[0]                       |                                                                                                                                                            |                6 |             12 |         2.00 |
|  mz7020_som_base_i/clk_wiz_0/inst/clk_out1 | mz7020_som_base_i/ps7_axi_periph/s00_couplers/auto_pc/inst/gen_axilite.gen_b2s_conv.axilite_b2s/WR.aw_channel_0/cmd_translator_0/incr_cmd_0/axaddr_incr[11]_i_1_n_0 |                                                                                                                                                            |                2 |             12 |         6.00 |
|  mz7020_som_base_i/clk_wiz_0/inst/clk_out1 |                                                                                                                                                                     | mz7020_som_base_i/axi_intc_0/U0/AXI_LITE_IPIF_I/I_SLAVE_ATTACHMENT/rst                                                                                     |                4 |             12 |         3.00 |
|  mz7020_som_base_i/clk_wiz_0/inst/clk_out1 | mz7020_som_base_i/ps7_axi_periph/s00_couplers/auto_pc/inst/gen_axilite.gen_b2s_conv.axilite_b2s/RD.r_channel_0/r_push_r                                             |                                                                                                                                                            |                4 |             13 |         3.25 |
|  mz7020_som_base_i/clk_wiz_0/inst/clk_out1 |                                                                                                                                                                     | mz7020_som_base_i/axi_intc_0/U0/INTC_CORE_I/s_axi_aresetn_0                                                                                                |                4 |             13 |         3.25 |
|  mz7020_som_base_i/clk_wiz_0/inst/clk_out1 | mz7020_som_base_i/ps7_axi_periph/s00_couplers/auto_pc/inst/gen_axilite.gen_b2s_conv.axilite_b2s/SI_REG/b.b_pipe/s_ready_i_reg_0                                     |                                                                                                                                                            |                3 |             14 |         4.67 |
|  mz7020_som_base_i/clk_wiz_0/inst/clk_out1 | mz7020_som_base_i/ps7_axi_periph/s00_couplers/auto_pc/inst/gen_axilite.gen_b2s_conv.axilite_b2s/SI_REG/b.b_pipe/p_1_in                                              |                                                                                                                                                            |                2 |             14 |         7.00 |
|  mz7020_som_base_i/clk_wiz_0/inst/clk_out1 | mz7020_som_base_i/ps7_axi_periph/s00_couplers/auto_pc/inst/gen_axilite.gen_b2s_conv.axilite_b2s/WR.aw_channel_0/aw_cmd_fsm_0/m_axi_awready_0                        |                                                                                                                                                            |                3 |             16 |         5.33 |
|  mz7020_som_base_i/clk_wiz_0/inst/clk_out1 | mz7020_som_base_i/axi_intc_0/U0/AXI_LITE_IPIF_I/I_SLAVE_ATTACHMENT/start2                                                                                           | mz7020_som_base_i/axi_intc_0/U0/AXI_LITE_IPIF_I/I_SLAVE_ATTACHMENT/I_DECODER/cs_ce_clr                                                                     |                6 |             19 |         3.17 |
|  mz7020_som_base_i/clk_wiz_0/inst/clk_out1 | mz7020_som_base_i/ps7_axi_periph/s00_couplers/auto_pc/inst/gen_axilite.gen_b2s_conv.axilite_b2s/RD.ar_channel_0/ar_cmd_fsm_0/m_axi_arready_2                        |                                                                                                                                                            |                9 |             21 |         2.33 |
|  mz7020_som_base_i/clk_wiz_0/inst/clk_out1 | mz7020_som_base_i/ps7_axi_periph/s00_couplers/auto_pc/inst/gen_axilite.gen_b2s_conv.axilite_b2s/WR.aw_channel_0/aw_cmd_fsm_0/FSM_sequential_state_reg[0]_1          |                                                                                                                                                            |                9 |             24 |         2.67 |
|  mz7020_som_base_i/clk_wiz_0/inst/clk_out1 | mz7020_som_base_i/ps7_axi_periph/s00_couplers/auto_pc/inst/gen_axilite.gen_b2s_conv.axilite_b2s/SI_REG/aw.aw_pipe/s_ready_i_reg_0                                   |                                                                                                                                                            |                6 |             32 |         5.33 |
|  mz7020_som_base_i/clk_wiz_0/inst/clk_out1 | mz7020_som_base_i/ps7_axi_periph/s00_couplers/auto_pc/inst/gen_axilite.gen_b2s_conv.axilite_b2s/WR.aw_channel_0/aw_cmd_fsm_0/E[0]                                   |                                                                                                                                                            |                5 |             32 |         6.40 |
|  mz7020_som_base_i/clk_wiz_0/inst/clk_out1 | mz7020_som_base_i/ps7_axi_periph/s00_couplers/auto_pc/inst/gen_axilite.gen_b2s_conv.axilite_b2s/SI_REG/ar.ar_pipe/s_ready_i_reg_0                                   |                                                                                                                                                            |                6 |             32 |         5.33 |
|  mz7020_som_base_i/clk_wiz_0/inst/clk_out1 | mz7020_som_base_i/ps7_axi_periph/s00_couplers/auto_pc/inst/gen_axilite.gen_b2s_conv.axilite_b2s/RD.ar_channel_0/ar_cmd_fsm_0/m_valid_i_reg[0]                       |                                                                                                                                                            |                7 |             32 |         4.57 |
|  mz7020_som_base_i/clk_wiz_0/inst/clk_out1 | mz7020_som_base_i/ps7_axi_periph/s00_couplers/auto_pc/inst/gen_axilite.gen_b2s_conv.axilite_b2s/RD.r_channel_0/rd_data_fifo_0/wr_en0                                |                                                                                                                                                            |                9 |             33 |         3.67 |
|  mz7020_som_base_i/clk_wiz_0/inst/clk_out1 | mz7020_som_base_i/ps7_axi_periph/s00_couplers/auto_pc/inst/gen_axilite.gen_b2s_conv.axilite_b2s/SI_REG/r.r_pipe/p_1_in                                              |                                                                                                                                                            |                9 |             46 |         5.11 |
|  mz7020_som_base_i/clk_wiz_0/inst/clk_out1 | mz7020_som_base_i/ps7_axi_periph/s00_couplers/auto_pc/inst/gen_axilite.gen_b2s_conv.axilite_b2s/SI_REG/r.r_pipe/s_ready_i_reg_0                                     |                                                                                                                                                            |                8 |             46 |         5.75 |
|  mz7020_som_base_i/clk_wiz_0/inst/clk_out1 |                                                                                                                                                                     |                                                                                                                                                            |               38 |            120 |         3.16 |
+--------------------------------------------+---------------------------------------------------------------------------------------------------------------------------------------------------------------------+------------------------------------------------------------------------------------------------------------------------------------------------------------+------------------+----------------+--------------+


