Copyright 1986-2022 Xilinx, Inc. All Rights Reserved. Copyright 2022-2023 Advanced Micro Devices, Inc. All Rights Reserved.
-----------------------------------------------------------------------------------------------------------------------------------------------------------------------------------------------------------
| Tool Version : Vivado v.2023.2 (lin64) Build 4029153 Fri Oct 13 20:13:54 MDT 2023
| Date         : Tue Jul 16 12:40:33 2024
| Host         : 55af09ee5a4b running 64-bit Ubuntu 22.04.4 LTS
| Command      : report_methodology -file mz7020_som_base_wrapper_methodology_drc_routed.rpt -pb mz7020_som_base_wrapper_methodology_drc_routed.pb -rpx mz7020_som_base_wrapper_methodology_drc_routed.rpx
| Design       : mz7020_som_base_wrapper
| Device       : xc7z020clg400-1
| Speed File   : -1
| Design State : Fully Routed
-----------------------------------------------------------------------------------------------------------------------------------------------------------------------------------------------------------

Report Methodology

Table of Contents
-----------------
1. REPORT SUMMARY
2. REPORT DETAILS

1. REPORT SUMMARY
-----------------
            Netlist: netlist
          Floorplan: design_1
      Design limits: <entire design considered>
             Max violations: <unlimited>
             Violations found: 2
+----------+------------------+----------------------------------------------------+------------+
| Rule     | Severity         | Description                                        | Violations |
+----------+------------------+----------------------------------------------------+------------+
| TIMING-2 | Critical Warning | Invalid primary clock source pin                   | 1          |
| TIMING-4 | Critical Warning | Invalid primary clock redefinition on a clock tree | 1          |
+----------+------------------+----------------------------------------------------+------------+

2. REPORT DETAILS
-----------------
TIMING-2#1 Critical Warning
Invalid primary clock source pin  
A primary clock mz7020_som_base_i/clk_wiz_0/inst/clk_in1 is created on an inappropriate pin mz7020_som_base_i/clk_wiz_0/inst/clk_in1. It is recommended to create a primary clock only on a proper clock source (input port or primitive output pin with no timing arc)
Related violations: <none>

TIMING-4#1 Critical Warning
Invalid primary clock redefinition on a clock tree  
Invalid clock redefinition on a clock tree. The primary clock mz7020_som_base_i/clk_wiz_0/inst/clk_in1 is defined downstream of clock clk_fpga_0 and overrides its insertion delay and/or waveform definition
Related violations: <none>


